<?xml version="1.0" encoding="UTF-8"?>
<!-- Generated by org.testng.reporters.JUnitReportReporter -->
<testsuite hostname="DESKTOP-0FSS1BG" failures="0" tests="1" name="com.learnautomatiom.testcases.LoginTest" time="1.299" errors="0" timestamp="2023-06-15T11:06:43 IST" skipped="0">
  <testcase classname="com.learnautomatiom.testcases.LoginTest" name="loginToApp" time="1.299"/>
  <system-out/>
</testsuite> <!-- com.learnautomatiom.testcases.LoginTest -->
