<?xml version="1.0" encoding="UTF-8"?>
<!-- Generated by org.testng.reporters.JUnitReportReporter -->
<testsuite hostname="DESKTOP-0FSS1BG" failures="0" tests="1" name="com.learnautomatiom.sample.ExtentReport" time="1.347" errors="0" timestamp="2023-06-08T15:33:01 IST" skipped="0">
  <testcase classname="com.learnautomatiom.sample.ExtentReport" name="test1" time="1.347"/>
  <system-out/>
</testsuite> <!-- com.learnautomatiom.sample.ExtentReport -->
